2026-04-13 14:48:00,477 DEBUG - Starting WinSW in service mode
2026-04-13 14:57:21,632 DEBUG - Starting WinSW in console mode
2026-04-13 14:57:25,817 DEBUG - Starting WinSW in console mode
2026-04-13 14:57:25,891 INFO  - Installing service 'Multivideo CasparCG Controller (multivideo-casparcg)'...
2026-04-13 14:57:26,085 INFO  - Service 'Multivideo CasparCG Controller (multivideo-casparcg)' was installed successfully.
2026-04-13 14:57:26,894 DEBUG - Starting WinSW in console mode
2026-04-13 14:57:30,465 DEBUG - Starting WinSW in console mode
2026-04-13 14:57:30,554 INFO  - Starting service 'Multivideo CasparCG Controller (multivideo-casparcg)'...
2026-04-13 14:57:31,439 DEBUG - Starting WinSW in service mode
2026-04-13 14:57:31,499 INFO  - Service 'Multivideo CasparCG Controller (multivideo-casparcg)' started successfully.
2026-04-13 14:57:31,756 INFO  - Starting C:\Users\vimlesh\Desktop\multivideo\winsw\node.exe server.js
2026-04-13 14:57:35,485 INFO  - Started process 23596
2026-04-13 14:57:35,510 DEBUG - Forwarding logs of the process System.Diagnostics.Process (node) to WinSW.RollingLogAppender
2026-04-13 14:57:47,159 DEBUG - Starting WinSW in service mode
2026-04-13 14:57:47,459 INFO  - Starting C:\Users\vimlesh\Desktop\multivideo\winsw\node.exe server.js
2026-04-13 14:57:47,518 INFO  - Started process 26252
2026-04-13 14:57:47,544 DEBUG - Forwarding logs of the process System.Diagnostics.Process (node) to WinSW.RollingLogAppender
2026-04-13 14:57:59,093 DEBUG - Starting WinSW in service mode
2026-04-13 14:57:59,381 INFO  - Starting C:\Users\vimlesh\Desktop\multivideo\winsw\node.exe server.js
2026-04-13 14:57:59,453 INFO  - Started process 5724
2026-04-13 14:57:59,482 DEBUG - Forwarding logs of the process System.Diagnostics.Process (node) to WinSW.RollingLogAppender
2026-04-13 14:58:11,065 DEBUG - Starting WinSW in service mode
2026-04-13 14:58:11,374 INFO  - Starting C:\Users\vimlesh\Desktop\multivideo\winsw\node.exe server.js
2026-04-13 14:58:11,438 INFO  - Started process 20092
2026-04-13 14:58:11,463 DEBUG - Forwarding logs of the process System.Diagnostics.Process (node) to WinSW.RollingLogAppender
2026-04-13 14:58:23,096 DEBUG - Starting WinSW in service mode
2026-04-13 14:58:23,400 INFO  - Starting C:\Users\vimlesh\Desktop\multivideo\winsw\node.exe server.js
2026-04-13 14:58:23,474 INFO  - Started process 7032
2026-04-13 14:58:23,503 DEBUG - Forwarding logs of the process System.Diagnostics.Process (node) to WinSW.RollingLogAppender
2026-04-13 14:58:35,177 DEBUG - Starting WinSW in service mode
2026-04-13 14:58:35,477 INFO  - Starting C:\Users\vimlesh\Desktop\multivideo\winsw\node.exe server.js
2026-04-13 14:58:35,539 INFO  - Started process 19752
2026-04-13 14:58:35,566 DEBUG - Forwarding logs of the process System.Diagnostics.Process (node) to WinSW.RollingLogAppender
2026-04-13 14:58:47,028 DEBUG - Starting WinSW in service mode
2026-04-13 14:58:47,340 INFO  - Starting C:\Users\vimlesh\Desktop\multivideo\winsw\node.exe server.js
2026-04-13 14:58:47,402 INFO  - Started process 23012
2026-04-13 14:58:47,434 DEBUG - Forwarding logs of the process System.Diagnostics.Process (node) to WinSW.RollingLogAppender
2026-04-13 14:58:58,964 DEBUG - Starting WinSW in service mode
2026-04-13 14:58:59,305 INFO  - Starting C:\Users\vimlesh\Desktop\multivideo\winsw\node.exe server.js
2026-04-13 14:58:59,362 INFO  - Started process 26240
2026-04-13 14:58:59,390 DEBUG - Forwarding logs of the process System.Diagnostics.Process (node) to WinSW.RollingLogAppender
2026-04-13 14:59:10,985 DEBUG - Starting WinSW in service mode
2026-04-13 14:59:11,291 INFO  - Starting C:\Users\vimlesh\Desktop\multivideo\winsw\node.exe server.js
2026-04-13 14:59:11,357 INFO  - Started process 22956
2026-04-13 14:59:11,383 DEBUG - Forwarding logs of the process System.Diagnostics.Process (node) to WinSW.RollingLogAppender
2026-04-13 14:59:22,960 DEBUG - Starting WinSW in service mode
2026-04-13 14:59:23,257 INFO  - Starting C:\Users\vimlesh\Desktop\multivideo\winsw\node.exe server.js
2026-04-13 14:59:23,328 INFO  - Started process 17688
2026-04-13 14:59:23,356 DEBUG - Forwarding logs of the process System.Diagnostics.Process (node) to WinSW.RollingLogAppender
2026-04-13 14:59:34,850 DEBUG - Starting WinSW in service mode
2026-04-13 14:59:35,153 INFO  - Starting C:\Users\vimlesh\Desktop\multivideo\winsw\node.exe server.js
2026-04-13 14:59:35,223 INFO  - Started process 28668
2026-04-13 14:59:35,247 DEBUG - Forwarding logs of the process System.Diagnostics.Process (node) to WinSW.RollingLogAppender
2026-04-13 14:59:46,834 DEBUG - Starting WinSW in service mode
2026-04-13 14:59:47,170 INFO  - Starting C:\Users\vimlesh\Desktop\multivideo\winsw\node.exe server.js
2026-04-13 14:59:47,225 INFO  - Started process 14756
2026-04-13 14:59:47,254 DEBUG - Forwarding logs of the process System.Diagnostics.Process (node) to WinSW.RollingLogAppender
2026-04-13 14:59:58,846 DEBUG - Starting WinSW in service mode
2026-04-13 14:59:59,184 INFO  - Starting C:\Users\vimlesh\Desktop\multivideo\winsw\node.exe server.js
2026-04-13 14:59:59,257 INFO  - Started process 20800
2026-04-13 14:59:59,282 DEBUG - Forwarding logs of the process System.Diagnostics.Process (node) to WinSW.RollingLogAppender
2026-04-13 15:00:10,787 DEBUG - Starting WinSW in service mode
2026-04-13 15:00:11,077 INFO  - Starting C:\Users\vimlesh\Desktop\multivideo\winsw\node.exe server.js
2026-04-13 15:00:11,136 INFO  - Started process 28280
2026-04-13 15:00:11,170 DEBUG - Forwarding logs of the process System.Diagnostics.Process (node) to WinSW.RollingLogAppender
2026-04-13 15:00:22,818 DEBUG - Starting WinSW in service mode
2026-04-13 15:00:23,149 INFO  - Starting C:\Users\vimlesh\Desktop\multivideo\winsw\node.exe server.js
2026-04-13 15:00:23,221 INFO  - Started process 23856
2026-04-13 15:00:23,251 DEBUG - Forwarding logs of the process System.Diagnostics.Process (node) to WinSW.RollingLogAppender
2026-04-13 15:00:34,877 DEBUG - Starting WinSW in service mode
2026-04-13 15:00:35,182 INFO  - Starting C:\Users\vimlesh\Desktop\multivideo\winsw\node.exe server.js
2026-04-13 15:00:35,237 INFO  - Started process 29516
2026-04-13 15:00:35,262 DEBUG - Forwarding logs of the process System.Diagnostics.Process (node) to WinSW.RollingLogAppender
2026-04-13 15:00:46,806 DEBUG - Starting WinSW in service mode
2026-04-13 15:00:47,132 INFO  - Starting C:\Users\vimlesh\Desktop\multivideo\winsw\node.exe server.js
2026-04-13 15:00:47,187 INFO  - Started process 29208
2026-04-13 15:00:47,222 DEBUG - Forwarding logs of the process System.Diagnostics.Process (node) to WinSW.RollingLogAppender
2026-04-13 15:00:58,827 DEBUG - Starting WinSW in service mode
2026-04-13 15:00:59,162 INFO  - Starting C:\Users\vimlesh\Desktop\multivideo\winsw\node.exe server.js
2026-04-13 15:00:59,219 INFO  - Started process 29176
2026-04-13 15:00:59,247 DEBUG - Forwarding logs of the process System.Diagnostics.Process (node) to WinSW.RollingLogAppender
2026-04-13 15:01:11,782 DEBUG - Starting WinSW in service mode
2026-04-13 15:01:12,080 INFO  - Starting C:\Users\vimlesh\Desktop\multivideo\winsw\node.exe server.js
2026-04-13 15:01:12,152 INFO  - Started process 29216
2026-04-13 15:01:12,179 DEBUG - Forwarding logs of the process System.Diagnostics.Process (node) to WinSW.RollingLogAppender
2026-04-13 15:01:23,667 DEBUG - Starting WinSW in service mode
2026-04-13 15:01:23,948 INFO  - Starting C:\Users\vimlesh\Desktop\multivideo\winsw\node.exe server.js
2026-04-13 15:01:24,007 INFO  - Started process 25032
2026-04-13 15:01:24,031 DEBUG - Forwarding logs of the process System.Diagnostics.Process (node) to WinSW.RollingLogAppender
2026-04-13 15:01:35,616 DEBUG - Starting WinSW in service mode
2026-04-13 15:01:35,924 INFO  - Starting C:\Users\vimlesh\Desktop\multivideo\winsw\node.exe server.js
2026-04-13 15:01:36,001 INFO  - Started process 30320
2026-04-13 15:01:36,031 DEBUG - Forwarding logs of the process System.Diagnostics.Process (node) to WinSW.RollingLogAppender
2026-04-13 15:01:47,553 DEBUG - Starting WinSW in service mode
2026-04-13 15:01:47,874 INFO  - Starting C:\Users\vimlesh\Desktop\multivideo\winsw\node.exe server.js
2026-04-13 15:01:47,930 INFO  - Started process 20740
2026-04-13 15:01:47,957 DEBUG - Forwarding logs of the process System.Diagnostics.Process (node) to WinSW.RollingLogAppender
2026-04-13 15:01:59,510 DEBUG - Starting WinSW in service mode
2026-04-13 15:01:59,828 INFO  - Starting C:\Users\vimlesh\Desktop\multivideo\winsw\node.exe server.js
2026-04-13 15:01:59,890 INFO  - Started process 29932
2026-04-13 15:01:59,917 DEBUG - Forwarding logs of the process System.Diagnostics.Process (node) to WinSW.RollingLogAppender
2026-04-13 15:02:11,510 DEBUG - Starting WinSW in service mode
2026-04-13 15:02:11,780 INFO  - Starting C:\Users\vimlesh\Desktop\multivideo\winsw\node.exe server.js
2026-04-13 15:02:11,836 INFO  - Started process 29424
2026-04-13 15:02:11,862 DEBUG - Forwarding logs of the process System.Diagnostics.Process (node) to WinSW.RollingLogAppender
2026-04-13 15:02:23,388 DEBUG - Starting WinSW in service mode
2026-04-13 15:02:23,692 INFO  - Starting C:\Users\vimlesh\Desktop\multivideo\winsw\node.exe server.js
2026-04-13 15:02:23,757 INFO  - Started process 23452
2026-04-13 15:02:23,791 DEBUG - Forwarding logs of the process System.Diagnostics.Process (node) to WinSW.RollingLogAppender
2026-04-13 15:02:35,359 DEBUG - Starting WinSW in service mode
2026-04-13 15:02:35,645 INFO  - Starting C:\Users\vimlesh\Desktop\multivideo\winsw\node.exe server.js
2026-04-13 15:02:35,700 INFO  - Started process 27468
2026-04-13 15:02:35,724 DEBUG - Forwarding logs of the process System.Diagnostics.Process (node) to WinSW.RollingLogAppender
2026-04-13 15:02:47,393 DEBUG - Starting WinSW in service mode
2026-04-13 15:02:47,696 INFO  - Starting C:\Users\vimlesh\Desktop\multivideo\winsw\node.exe server.js
2026-04-13 15:02:47,767 INFO  - Started process 29992
2026-04-13 15:02:47,793 DEBUG - Forwarding logs of the process System.Diagnostics.Process (node) to WinSW.RollingLogAppender
2026-04-13 15:02:59,349 DEBUG - Starting WinSW in service mode
2026-04-13 15:02:59,639 INFO  - Starting C:\Users\vimlesh\Desktop\multivideo\winsw\node.exe server.js
2026-04-13 15:02:59,693 INFO  - Started process 30344
2026-04-13 15:02:59,717 DEBUG - Forwarding logs of the process System.Diagnostics.Process (node) to WinSW.RollingLogAppender
2026-04-13 15:03:11,145 DEBUG - Starting WinSW in service mode
2026-04-13 15:03:11,430 INFO  - Starting C:\Users\vimlesh\Desktop\multivideo\winsw\node.exe server.js
2026-04-13 15:03:11,486 INFO  - Started process 30600
2026-04-13 15:03:11,511 DEBUG - Forwarding logs of the process System.Diagnostics.Process (node) to WinSW.RollingLogAppender
2026-04-13 15:03:23,167 DEBUG - Starting WinSW in service mode
2026-04-13 15:03:23,480 INFO  - Starting C:\Users\vimlesh\Desktop\multivideo\winsw\node.exe server.js
2026-04-13 15:03:23,540 INFO  - Started process 29800
2026-04-13 15:03:23,571 DEBUG - Forwarding logs of the process System.Diagnostics.Process (node) to WinSW.RollingLogAppender
2026-04-13 15:03:35,162 DEBUG - Starting WinSW in service mode
2026-04-13 15:03:35,466 INFO  - Starting C:\Users\vimlesh\Desktop\multivideo\winsw\node.exe server.js
2026-04-13 15:03:35,518 INFO  - Started process 30332
2026-04-13 15:03:35,544 DEBUG - Forwarding logs of the process System.Diagnostics.Process (node) to WinSW.RollingLogAppender
2026-04-13 15:03:47,064 DEBUG - Starting WinSW in service mode
2026-04-13 15:03:47,368 INFO  - Starting C:\Users\vimlesh\Desktop\multivideo\winsw\node.exe server.js
2026-04-13 15:03:47,435 INFO  - Started process 28256
2026-04-13 15:03:47,459 DEBUG - Forwarding logs of the process System.Diagnostics.Process (node) to WinSW.RollingLogAppender
2026-04-13 15:03:59,012 DEBUG - Starting WinSW in service mode
2026-04-13 15:03:59,329 INFO  - Starting C:\Users\vimlesh\Desktop\multivideo\winsw\node.exe server.js
2026-04-13 15:03:59,399 INFO  - Started process 23012
2026-04-13 15:03:59,433 DEBUG - Forwarding logs of the process System.Diagnostics.Process (node) to WinSW.RollingLogAppender
2026-04-13 15:04:11,059 DEBUG - Starting WinSW in service mode
2026-04-13 15:04:11,378 INFO  - Starting C:\Users\vimlesh\Desktop\multivideo\winsw\node.exe server.js
2026-04-13 15:04:11,440 INFO  - Started process 23452
2026-04-13 15:04:11,472 DEBUG - Forwarding logs of the process System.Diagnostics.Process (node) to WinSW.RollingLogAppender
2026-04-13 15:04:23,007 DEBUG - Starting WinSW in service mode
2026-04-13 15:04:23,297 INFO  - Starting C:\Users\vimlesh\Desktop\multivideo\winsw\node.exe server.js
2026-04-13 15:04:23,358 INFO  - Started process 19944
2026-04-13 15:04:23,385 DEBUG - Forwarding logs of the process System.Diagnostics.Process (node) to WinSW.RollingLogAppender
2026-04-13 15:04:34,914 DEBUG - Starting WinSW in service mode
2026-04-13 15:04:35,187 INFO  - Starting C:\Users\vimlesh\Desktop\multivideo\winsw\node.exe server.js
2026-04-13 15:04:35,245 INFO  - Started process 30148
2026-04-13 15:04:35,270 DEBUG - Forwarding logs of the process System.Diagnostics.Process (node) to WinSW.RollingLogAppender
2026-04-13 15:04:46,729 DEBUG - Starting WinSW in service mode
2026-04-13 15:04:47,043 INFO  - Starting C:\Users\vimlesh\Desktop\multivideo\winsw\node.exe server.js
2026-04-13 15:04:47,114 INFO  - Started process 12408
2026-04-13 15:04:47,147 DEBUG - Forwarding logs of the process System.Diagnostics.Process (node) to WinSW.RollingLogAppender
